[2025-02-08T12:19:38.625+0000] {taskinstance.py:1171} INFO - Dependencies all met for <TaskInstance: pipeline_milestone_3.upload_to_elasticsearch manual__2025-02-08T12:19:10.227344+00:00 [queued]>
[2025-02-08T12:19:38.636+0000] {taskinstance.py:1171} INFO - Dependencies all met for <TaskInstance: pipeline_milestone_3.upload_to_elasticsearch manual__2025-02-08T12:19:10.227344+00:00 [queued]>
[2025-02-08T12:19:38.636+0000] {taskinstance.py:1368} INFO - 
--------------------------------------------------------------------------------
[2025-02-08T12:19:38.636+0000] {taskinstance.py:1369} INFO - Starting attempt 1 of 1
[2025-02-08T12:19:38.636+0000] {taskinstance.py:1370} INFO - 
--------------------------------------------------------------------------------
[2025-02-08T12:19:38.644+0000] {taskinstance.py:1389} INFO - Executing <Task(PythonOperator): upload_to_elasticsearch> on 2025-02-08 12:19:10.227344+00:00
[2025-02-08T12:19:38.657+0000] {standard_task_runner.py:52} INFO - Started process 586 to run task
[2025-02-08T12:19:38.662+0000] {standard_task_runner.py:79} INFO - Running: ['***', 'tasks', 'run', 'pipeline_milestone_3', 'upload_to_elasticsearch', 'manual__2025-02-08T12:19:10.227344+00:00', '--job-id', '14', '--raw', '--subdir', 'DAGS_FOLDER/ml_pipeline.py', '--cfg-path', '/tmp/tmp40qmkt06', '--error-file', '/tmp/tmp7adf2ius']
[2025-02-08T12:19:38.665+0000] {standard_task_runner.py:80} INFO - Job 14: Subtask upload_to_elasticsearch
[2025-02-08T12:19:38.758+0000] {task_command.py:371} INFO - Running <TaskInstance: pipeline_milestone_3.upload_to_elasticsearch manual__2025-02-08T12:19:10.227344+00:00 [running]> on host fac8a5123a60
[2025-02-08T12:19:38.821+0000] {taskinstance.py:1583} INFO - Exporting the following env vars:
AIRFLOW_CTX_DAG_OWNER=Azka
AIRFLOW_CTX_DAG_ID=pipeline_milestone_3
AIRFLOW_CTX_TASK_ID=upload_to_elasticsearch
AIRFLOW_CTX_EXECUTION_DATE=2025-02-08T12:19:10.227344+00:00
AIRFLOW_CTX_TRY_NUMBER=1
AIRFLOW_CTX_DAG_RUN_ID=manual__2025-02-08T12:19:10.227344+00:00
[2025-02-08T12:19:38.853+0000] {logging_mixin.py:115} WARNING - /home/***/.local/lib/python3.7/site-packages/***/operators/python.py:189 DeprecationWarning: This class is deprecated.
            Please use `***.providers.elasticsearch.hooks.elasticsearch.ElasticsearchSQLHook`.
[2025-02-08T12:19:38.865+0000] {taskinstance.py:1902} ERROR - Task failed with exception
Traceback (most recent call last):
  File "/home/airflow/.local/lib/python3.7/site-packages/airflow/operators/python.py", line 171, in execute
    return_value = self.execute_callable()
  File "/home/airflow/.local/lib/python3.7/site-packages/airflow/operators/python.py", line 189, in execute_callable
    return self.python_callable(*self.op_args, **self.op_kwargs)
  File "/opt/airflow/dags/ml_pipeline.py", line 84, in upload_to_elasticsearch
    es = es_hook.get_conn()
  File "/home/airflow/.local/lib/python3.7/site-packages/airflow/providers/elasticsearch/hooks/elasticsearch.py", line 53, in get_conn
    conn = self.connection or self.get_connection(conn_id)
  File "/home/airflow/.local/lib/python3.7/site-packages/airflow/hooks/base.py", line 67, in get_connection
    conn = Connection.get_connection_from_secrets(conn_id)
  File "/home/airflow/.local/lib/python3.7/site-packages/airflow/models/connection.py", line 430, in get_connection_from_secrets
    raise AirflowNotFoundException(f"The conn_id `{conn_id}` isn't defined")
airflow.exceptions.AirflowNotFoundException: The conn_id `***_elasticsearch` isn't defined
[2025-02-08T12:19:38.872+0000] {taskinstance.py:1412} INFO - Marking task as FAILED. dag_id=pipeline_milestone_3, task_id=upload_to_elasticsearch, execution_date=20250208T121910, start_date=20250208T121938, end_date=20250208T121938
[2025-02-08T12:19:38.880+0000] {standard_task_runner.py:97} ERROR - Failed to execute job 14 for task upload_to_elasticsearch (The conn_id `***_elasticsearch` isn't defined; 586)
[2025-02-08T12:19:38.923+0000] {local_task_job.py:156} INFO - Task exited with return code 1
[2025-02-08T12:19:38.953+0000] {local_task_job.py:279} INFO - 0 downstream tasks scheduled from follow-on schedule check
