[2025-02-08T12:11:02.172+0000] {taskinstance.py:1171} INFO - Dependencies all met for <TaskInstance: pipeline_milestone_3.transform_data manual__2025-02-08T12:10:41.228159+00:00 [queued]>
[2025-02-08T12:11:02.540+0000] {taskinstance.py:1171} INFO - Dependencies all met for <TaskInstance: pipeline_milestone_3.transform_data manual__2025-02-08T12:10:41.228159+00:00 [queued]>
[2025-02-08T12:11:02.545+0000] {taskinstance.py:1368} INFO - 
--------------------------------------------------------------------------------
[2025-02-08T12:11:02.545+0000] {taskinstance.py:1369} INFO - Starting attempt 1 of 1
[2025-02-08T12:11:02.545+0000] {taskinstance.py:1370} INFO - 
--------------------------------------------------------------------------------
[2025-02-08T12:11:03.483+0000] {taskinstance.py:1389} INFO - Executing <Task(PythonOperator): transform_data> on 2025-02-08 12:10:41.228159+00:00
[2025-02-08T12:11:03.514+0000] {standard_task_runner.py:52} INFO - Started process 499 to run task
[2025-02-08T12:11:03.538+0000] {standard_task_runner.py:79} INFO - Running: ['***', 'tasks', 'run', 'pipeline_milestone_3', 'transform_data', 'manual__2025-02-08T12:10:41.228159+00:00', '--job-id', '11', '--raw', '--subdir', 'DAGS_FOLDER/ml_pipeline.py', '--cfg-path', '/tmp/tmplj9483ir', '--error-file', '/tmp/tmpf8961ced']
[2025-02-08T12:11:03.545+0000] {standard_task_runner.py:80} INFO - Job 11: Subtask transform_data
[2025-02-08T12:11:14.944+0000] {task_command.py:371} INFO - Running <TaskInstance: pipeline_milestone_3.transform_data manual__2025-02-08T12:10:41.228159+00:00 [running]> on host fac8a5123a60
[2025-02-08T12:11:15.171+0000] {taskinstance.py:1583} INFO - Exporting the following env vars:
AIRFLOW_CTX_DAG_OWNER=Azka
AIRFLOW_CTX_DAG_ID=pipeline_milestone_3
AIRFLOW_CTX_TASK_ID=transform_data
AIRFLOW_CTX_EXECUTION_DATE=2025-02-08T12:10:41.228159+00:00
AIRFLOW_CTX_TRY_NUMBER=1
AIRFLOW_CTX_DAG_RUN_ID=manual__2025-02-08T12:10:41.228159+00:00
[2025-02-08T12:11:15.339+0000] {python.py:173} INFO - Done. Returned value was: None
[2025-02-08T12:11:15.352+0000] {taskinstance.py:1412} INFO - Marking task as SUCCESS. dag_id=pipeline_milestone_3, task_id=transform_data, execution_date=20250208T121041, start_date=20250208T121102, end_date=20250208T121115
[2025-02-08T12:11:15.382+0000] {local_task_job.py:156} INFO - Task exited with return code 0
[2025-02-08T12:11:15.410+0000] {local_task_job.py:279} INFO - 0 downstream tasks scheduled from follow-on schedule check
