[2025-02-08T11:50:06.214+0000] {taskinstance.py:1171} INFO - Dependencies all met for <TaskInstance: pipeline_milestone_3.transform_data manual__2025-02-08T11:49:29.135089+00:00 [queued]>
[2025-02-08T11:50:06.223+0000] {taskinstance.py:1171} INFO - Dependencies all met for <TaskInstance: pipeline_milestone_3.transform_data manual__2025-02-08T11:49:29.135089+00:00 [queued]>
[2025-02-08T11:50:06.224+0000] {taskinstance.py:1368} INFO - 
--------------------------------------------------------------------------------
[2025-02-08T11:50:06.224+0000] {taskinstance.py:1369} INFO - Starting attempt 1 of 1
[2025-02-08T11:50:06.224+0000] {taskinstance.py:1370} INFO - 
--------------------------------------------------------------------------------
[2025-02-08T11:50:06.232+0000] {taskinstance.py:1389} INFO - Executing <Task(PythonOperator): transform_data> on 2025-02-08 11:49:29.135089+00:00
[2025-02-08T11:50:06.242+0000] {standard_task_runner.py:52} INFO - Started process 222 to run task
[2025-02-08T11:50:06.248+0000] {standard_task_runner.py:79} INFO - Running: ['***', 'tasks', 'run', 'pipeline_milestone_3', 'transform_data', 'manual__2025-02-08T11:49:29.135089+00:00', '--job-id', '4', '--raw', '--subdir', 'DAGS_FOLDER/ml_pipeline.py', '--cfg-path', '/tmp/tmpcswgwcsg', '--error-file', '/tmp/tmpc074_ill']
[2025-02-08T11:50:06.250+0000] {standard_task_runner.py:80} INFO - Job 4: Subtask transform_data
[2025-02-08T11:50:06.322+0000] {task_command.py:371} INFO - Running <TaskInstance: pipeline_milestone_3.transform_data manual__2025-02-08T11:49:29.135089+00:00 [running]> on host fac8a5123a60
[2025-02-08T11:50:06.381+0000] {taskinstance.py:1583} INFO - Exporting the following env vars:
AIRFLOW_CTX_DAG_OWNER=Azka
AIRFLOW_CTX_DAG_ID=pipeline_milestone_3
AIRFLOW_CTX_TASK_ID=transform_data
AIRFLOW_CTX_EXECUTION_DATE=2025-02-08T11:49:29.135089+00:00
AIRFLOW_CTX_TRY_NUMBER=1
AIRFLOW_CTX_DAG_RUN_ID=manual__2025-02-08T11:49:29.135089+00:00
[2025-02-08T11:50:06.416+0000] {logging_mixin.py:115} INFO - Empty DataFrame
Columns: [order_id, date, item_name, item_type, item_price, quantity, transaction_amount, transaction_type, received_by, time_of_sale, unnamed_10, unnamed_11, unnamed_12]
Index: []
[2025-02-08T11:50:06.436+0000] {python.py:173} INFO - Done. Returned value was: None
[2025-02-08T11:50:06.455+0000] {taskinstance.py:1412} INFO - Marking task as SUCCESS. dag_id=pipeline_milestone_3, task_id=transform_data, execution_date=20250208T114929, start_date=20250208T115006, end_date=20250208T115006
[2025-02-08T11:50:06.513+0000] {local_task_job.py:156} INFO - Task exited with return code 0
[2025-02-08T11:50:06.559+0000] {local_task_job.py:279} INFO - 0 downstream tasks scheduled from follow-on schedule check
