[2025-02-08T13:29:14.245+0000] {taskinstance.py:1171} INFO - Dependencies all met for <TaskInstance: pipeline_milestone_3.extract_data manual__2025-02-08T13:28:38.952884+00:00 [queued]>
[2025-02-08T13:29:38.718+0000] {taskinstance.py:1171} INFO - Dependencies all met for <TaskInstance: pipeline_milestone_3.extract_data manual__2025-02-08T13:28:38.952884+00:00 [queued]>
[2025-02-08T13:29:38.731+0000] {taskinstance.py:1368} INFO - 
--------------------------------------------------------------------------------
[2025-02-08T13:29:38.740+0000] {taskinstance.py:1369} INFO - Starting attempt 1 of 1
[2025-02-08T13:29:38.745+0000] {taskinstance.py:1370} INFO - 
--------------------------------------------------------------------------------
[2025-02-08T13:29:38.890+0000] {taskinstance.py:1389} INFO - Executing <Task(PythonOperator): extract_data> on 2025-02-08 13:28:38.952884+00:00
[2025-02-08T13:29:38.956+0000] {standard_task_runner.py:52} INFO - Started process 1319 to run task
[2025-02-08T13:29:38.995+0000] {standard_task_runner.py:79} INFO - Running: ['***', 'tasks', 'run', 'pipeline_milestone_3', 'extract_data', 'manual__2025-02-08T13:28:38.952884+00:00', '--job-id', '39', '--raw', '--subdir', 'DAGS_FOLDER/ml_pipeline.py', '--cfg-path', '/tmp/tmp4hw9c1c9', '--error-file', '/tmp/tmpaxuc4tmp']
[2025-02-08T13:29:39.006+0000] {standard_task_runner.py:80} INFO - Job 39: Subtask extract_data
[2025-02-08T13:29:39.190+0000] {task_command.py:371} INFO - Running <TaskInstance: pipeline_milestone_3.extract_data manual__2025-02-08T13:28:38.952884+00:00 [running]> on host fac8a5123a60
[2025-02-08T13:29:39.404+0000] {taskinstance.py:1583} INFO - Exporting the following env vars:
AIRFLOW_CTX_DAG_OWNER=Azka
AIRFLOW_CTX_DAG_ID=pipeline_milestone_3
AIRFLOW_CTX_TASK_ID=extract_data
AIRFLOW_CTX_EXECUTION_DATE=2025-02-08T13:28:38.952884+00:00
AIRFLOW_CTX_TRY_NUMBER=1
AIRFLOW_CTX_DAG_RUN_ID=manual__2025-02-08T13:28:38.952884+00:00
[2025-02-08T13:29:39.457+0000] {base.py:68} INFO - Using connection ID '***_postgres' for task execution.
[2025-02-08T13:29:39.551+0000] {logging_mixin.py:115} INFO -    order_id       date item_name  ... unnamed_10 unnamed_11  unnamed_12
0         2  8/23/2022   Vadapav  ...       None       None        None

[1 rows x 13 columns]
[2025-02-08T13:29:39.577+0000] {python.py:173} INFO - Done. Returned value was: None
[2025-02-08T13:29:39.590+0000] {taskinstance.py:1412} INFO - Marking task as SUCCESS. dag_id=pipeline_milestone_3, task_id=extract_data, execution_date=20250208T132838, start_date=20250208T132914, end_date=20250208T132939
[2025-02-08T13:29:39.631+0000] {local_task_job.py:156} INFO - Task exited with return code 0
[2025-02-08T13:29:39.704+0000] {local_task_job.py:279} INFO - 1 downstream tasks scheduled from follow-on schedule check
