[2025-02-08T13:49:13.722+0000] {taskinstance.py:1171} INFO - Dependencies all met for <TaskInstance: pipeline_milestone_3.extract_data manual__2025-02-08T13:49:11.127053+00:00 [queued]>
[2025-02-08T13:49:13.736+0000] {taskinstance.py:1171} INFO - Dependencies all met for <TaskInstance: pipeline_milestone_3.extract_data manual__2025-02-08T13:49:11.127053+00:00 [queued]>
[2025-02-08T13:49:13.736+0000] {taskinstance.py:1368} INFO - 
--------------------------------------------------------------------------------
[2025-02-08T13:49:13.737+0000] {taskinstance.py:1369} INFO - Starting attempt 1 of 1
[2025-02-08T13:49:13.737+0000] {taskinstance.py:1370} INFO - 
--------------------------------------------------------------------------------
[2025-02-08T13:49:13.751+0000] {taskinstance.py:1389} INFO - Executing <Task(PythonOperator): extract_data> on 2025-02-08 13:49:11.127053+00:00
[2025-02-08T13:49:13.773+0000] {standard_task_runner.py:52} INFO - Started process 1582 to run task
[2025-02-08T13:49:13.781+0000] {standard_task_runner.py:79} INFO - Running: ['***', 'tasks', 'run', 'pipeline_milestone_3', 'extract_data', 'manual__2025-02-08T13:49:11.127053+00:00', '--job-id', '60', '--raw', '--subdir', 'DAGS_FOLDER/ml_pipeline.py', '--cfg-path', '/tmp/tmp6hgw61z2', '--error-file', '/tmp/tmpzyw23419']
[2025-02-08T13:49:13.782+0000] {standard_task_runner.py:80} INFO - Job 60: Subtask extract_data
[2025-02-08T13:49:13.846+0000] {task_command.py:371} INFO - Running <TaskInstance: pipeline_milestone_3.extract_data manual__2025-02-08T13:49:11.127053+00:00 [running]> on host fac8a5123a60
[2025-02-08T13:49:13.899+0000] {taskinstance.py:1583} INFO - Exporting the following env vars:
AIRFLOW_CTX_DAG_OWNER=Azka
AIRFLOW_CTX_DAG_ID=pipeline_milestone_3
AIRFLOW_CTX_TASK_ID=extract_data
AIRFLOW_CTX_EXECUTION_DATE=2025-02-08T13:49:11.127053+00:00
AIRFLOW_CTX_TRY_NUMBER=1
AIRFLOW_CTX_DAG_RUN_ID=manual__2025-02-08T13:49:11.127053+00:00
[2025-02-08T13:49:13.921+0000] {base.py:68} INFO - Using connection ID '***_postgres' for task execution.
[2025-02-08T13:49:14.026+0000] {logging_mixin.py:115} INFO -    order_id       date item_name  ... unnamed_10 unnamed_11  unnamed_12
0         2  8/23/2022   Vadapav  ...       None       None        None

[1 rows x 13 columns]
[2025-02-08T13:49:14.137+0000] {python.py:173} INFO - Done. Returned value was: None
[2025-02-08T13:49:14.215+0000] {taskinstance.py:1412} INFO - Marking task as SUCCESS. dag_id=pipeline_milestone_3, task_id=extract_data, execution_date=20250208T134911, start_date=20250208T134913, end_date=20250208T134914
[2025-02-08T13:49:14.248+0000] {local_task_job.py:156} INFO - Task exited with return code 0
[2025-02-08T13:49:14.326+0000] {local_task_job.py:279} INFO - 1 downstream tasks scheduled from follow-on schedule check
