[2025-02-10T08:33:35.072+0000] {taskinstance.py:1171} INFO - Dependencies all met for <TaskInstance: pipeline_milestone_3.transform_data manual__2025-02-10T08:33:32.013141+00:00 [queued]>
[2025-02-10T08:33:35.076+0000] {taskinstance.py:1171} INFO - Dependencies all met for <TaskInstance: pipeline_milestone_3.transform_data manual__2025-02-10T08:33:32.013141+00:00 [queued]>
[2025-02-10T08:33:35.076+0000] {taskinstance.py:1368} INFO - 
--------------------------------------------------------------------------------
[2025-02-10T08:33:35.076+0000] {taskinstance.py:1369} INFO - Starting attempt 1 of 1
[2025-02-10T08:33:35.076+0000] {taskinstance.py:1370} INFO - 
--------------------------------------------------------------------------------
[2025-02-10T08:33:35.084+0000] {taskinstance.py:1389} INFO - Executing <Task(PythonOperator): transform_data> on 2025-02-10 08:33:32.013141+00:00
[2025-02-10T08:33:35.091+0000] {standard_task_runner.py:52} INFO - Started process 514 to run task
[2025-02-10T08:33:35.093+0000] {standard_task_runner.py:79} INFO - Running: ['***', 'tasks', 'run', 'pipeline_milestone_3', 'transform_data', 'manual__2025-02-10T08:33:32.013141+00:00', '--job-id', '17', '--raw', '--subdir', 'DAGS_FOLDER/P2M3_azka_irsyad_DAG.py', '--cfg-path', '/tmp/tmp1a16rf9p', '--error-file', '/tmp/tmp8ch8umlv']
[2025-02-10T08:33:35.094+0000] {standard_task_runner.py:80} INFO - Job 17: Subtask transform_data
[2025-02-10T08:33:35.180+0000] {task_command.py:371} INFO - Running <TaskInstance: pipeline_milestone_3.transform_data manual__2025-02-10T08:33:32.013141+00:00 [running]> on host c7bd35cc3dd3
[2025-02-10T08:33:35.240+0000] {taskinstance.py:1583} INFO - Exporting the following env vars:
AIRFLOW_CTX_DAG_OWNER=Azka
AIRFLOW_CTX_DAG_ID=pipeline_milestone_3
AIRFLOW_CTX_TASK_ID=transform_data
AIRFLOW_CTX_EXECUTION_DATE=2025-02-10T08:33:32.013141+00:00
AIRFLOW_CTX_TRY_NUMBER=1
AIRFLOW_CTX_DAG_RUN_ID=manual__2025-02-10T08:33:32.013141+00:00
[2025-02-10T08:33:35.326+0000] {python.py:173} INFO - Done. Returned value was: None
[2025-02-10T08:33:35.339+0000] {taskinstance.py:1412} INFO - Marking task as SUCCESS. dag_id=pipeline_milestone_3, task_id=transform_data, execution_date=20250210T083332, start_date=20250210T083335, end_date=20250210T083335
[2025-02-10T08:33:35.399+0000] {local_task_job.py:156} INFO - Task exited with return code 0
[2025-02-10T08:33:35.451+0000] {local_task_job.py:279} INFO - 1 downstream tasks scheduled from follow-on schedule check
