[2025-02-08T12:04:32.647+0000] {taskinstance.py:1171} INFO - Dependencies all met for <TaskInstance: pipeline_milestone_3.transform_data manual__2025-02-08T12:04:08.263541+00:00 [queued]>
[2025-02-08T12:04:32.684+0000] {taskinstance.py:1171} INFO - Dependencies all met for <TaskInstance: pipeline_milestone_3.transform_data manual__2025-02-08T12:04:08.263541+00:00 [queued]>
[2025-02-08T12:04:32.685+0000] {taskinstance.py:1368} INFO - 
--------------------------------------------------------------------------------
[2025-02-08T12:04:32.685+0000] {taskinstance.py:1369} INFO - Starting attempt 1 of 1
[2025-02-08T12:04:32.686+0000] {taskinstance.py:1370} INFO - 
--------------------------------------------------------------------------------
[2025-02-08T12:04:32.749+0000] {taskinstance.py:1389} INFO - Executing <Task(PythonOperator): transform_data> on 2025-02-08 12:04:08.263541+00:00
[2025-02-08T12:04:32.830+0000] {standard_task_runner.py:52} INFO - Started process 397 to run task
[2025-02-08T12:04:32.858+0000] {standard_task_runner.py:79} INFO - Running: ['***', 'tasks', 'run', 'pipeline_milestone_3', 'transform_data', 'manual__2025-02-08T12:04:08.263541+00:00', '--job-id', '9', '--raw', '--subdir', 'DAGS_FOLDER/ml_pipeline.py', '--cfg-path', '/tmp/tmpstxyu2o_', '--error-file', '/tmp/tmpy5jc7iws']
[2025-02-08T12:04:32.869+0000] {standard_task_runner.py:80} INFO - Job 9: Subtask transform_data
[2025-02-08T12:04:33.200+0000] {task_command.py:371} INFO - Running <TaskInstance: pipeline_milestone_3.transform_data manual__2025-02-08T12:04:08.263541+00:00 [running]> on host fac8a5123a60
[2025-02-08T12:04:33.599+0000] {taskinstance.py:1583} INFO - Exporting the following env vars:
AIRFLOW_CTX_DAG_OWNER=Azka
AIRFLOW_CTX_DAG_ID=pipeline_milestone_3
AIRFLOW_CTX_TASK_ID=transform_data
AIRFLOW_CTX_EXECUTION_DATE=2025-02-08T12:04:08.263541+00:00
AIRFLOW_CTX_TRY_NUMBER=1
AIRFLOW_CTX_DAG_RUN_ID=manual__2025-02-08T12:04:08.263541+00:00
[2025-02-08T12:04:33.743+0000] {python.py:173} INFO - Done. Returned value was: None
[2025-02-08T12:04:33.761+0000] {taskinstance.py:1412} INFO - Marking task as SUCCESS. dag_id=pipeline_milestone_3, task_id=transform_data, execution_date=20250208T120408, start_date=20250208T120432, end_date=20250208T120433
[2025-02-08T12:04:33.825+0000] {local_task_job.py:156} INFO - Task exited with return code 0
[2025-02-08T12:04:33.857+0000] {local_task_job.py:279} INFO - 0 downstream tasks scheduled from follow-on schedule check
