[2025-02-08T13:40:18.321+0000] {taskinstance.py:1171} INFO - Dependencies all met for <TaskInstance: pipeline_milestone_3.transform_data manual__2025-02-08T13:40:13.596928+00:00 [queued]>
[2025-02-08T13:40:18.329+0000] {taskinstance.py:1171} INFO - Dependencies all met for <TaskInstance: pipeline_milestone_3.transform_data manual__2025-02-08T13:40:13.596928+00:00 [queued]>
[2025-02-08T13:40:18.329+0000] {taskinstance.py:1368} INFO - 
--------------------------------------------------------------------------------
[2025-02-08T13:40:18.330+0000] {taskinstance.py:1369} INFO - Starting attempt 1 of 1
[2025-02-08T13:40:18.330+0000] {taskinstance.py:1370} INFO - 
--------------------------------------------------------------------------------
[2025-02-08T13:40:18.338+0000] {taskinstance.py:1389} INFO - Executing <Task(PythonOperator): transform_data> on 2025-02-08 13:40:13.596928+00:00
[2025-02-08T13:40:18.343+0000] {standard_task_runner.py:52} INFO - Started process 1456 to run task
[2025-02-08T13:40:18.347+0000] {standard_task_runner.py:79} INFO - Running: ['***', 'tasks', 'run', 'pipeline_milestone_3', 'transform_data', 'manual__2025-02-08T13:40:13.596928+00:00', '--job-id', '48', '--raw', '--subdir', 'DAGS_FOLDER/ml_pipeline.py', '--cfg-path', '/tmp/tmpbg0dy6uq', '--error-file', '/tmp/tmpbr_q92ta']
[2025-02-08T13:40:18.348+0000] {standard_task_runner.py:80} INFO - Job 48: Subtask transform_data
[2025-02-08T13:40:18.421+0000] {task_command.py:371} INFO - Running <TaskInstance: pipeline_milestone_3.transform_data manual__2025-02-08T13:40:13.596928+00:00 [running]> on host fac8a5123a60
[2025-02-08T13:40:18.782+0000] {taskinstance.py:1583} INFO - Exporting the following env vars:
AIRFLOW_CTX_DAG_OWNER=Azka
AIRFLOW_CTX_DAG_ID=pipeline_milestone_3
AIRFLOW_CTX_TASK_ID=transform_data
AIRFLOW_CTX_EXECUTION_DATE=2025-02-08T13:40:13.596928+00:00
AIRFLOW_CTX_TRY_NUMBER=1
AIRFLOW_CTX_DAG_RUN_ID=manual__2025-02-08T13:40:13.596928+00:00
[2025-02-08T13:40:19.079+0000] {python.py:173} INFO - Done. Returned value was: None
[2025-02-08T13:40:19.133+0000] {taskinstance.py:1412} INFO - Marking task as SUCCESS. dag_id=pipeline_milestone_3, task_id=transform_data, execution_date=20250208T134013, start_date=20250208T134018, end_date=20250208T134019
[2025-02-08T13:40:19.209+0000] {local_task_job.py:156} INFO - Task exited with return code 0
[2025-02-08T13:40:19.266+0000] {local_task_job.py:279} INFO - 1 downstream tasks scheduled from follow-on schedule check
