[2025-02-08T13:51:12.541+0000] {taskinstance.py:1171} INFO - Dependencies all met for <TaskInstance: pipeline_milestone_3.extract_data manual__2025-02-08T13:51:07.674323+00:00 [queued]>
[2025-02-08T13:51:12.555+0000] {taskinstance.py:1171} INFO - Dependencies all met for <TaskInstance: pipeline_milestone_3.extract_data manual__2025-02-08T13:51:07.674323+00:00 [queued]>
[2025-02-08T13:51:12.555+0000] {taskinstance.py:1368} INFO - 
--------------------------------------------------------------------------------
[2025-02-08T13:51:12.555+0000] {taskinstance.py:1369} INFO - Starting attempt 1 of 1
[2025-02-08T13:51:12.555+0000] {taskinstance.py:1370} INFO - 
--------------------------------------------------------------------------------
[2025-02-08T13:51:12.562+0000] {taskinstance.py:1389} INFO - Executing <Task(PythonOperator): extract_data> on 2025-02-08 13:51:07.674323+00:00
[2025-02-08T13:51:12.581+0000] {standard_task_runner.py:52} INFO - Started process 1609 to run task
[2025-02-08T13:51:12.585+0000] {standard_task_runner.py:79} INFO - Running: ['***', 'tasks', 'run', 'pipeline_milestone_3', 'extract_data', 'manual__2025-02-08T13:51:07.674323+00:00', '--job-id', '63', '--raw', '--subdir', 'DAGS_FOLDER/ml_pipeline.py', '--cfg-path', '/tmp/tmpdohmykue', '--error-file', '/tmp/tmp5jeftv07']
[2025-02-08T13:51:12.586+0000] {standard_task_runner.py:80} INFO - Job 63: Subtask extract_data
[2025-02-08T13:51:12.633+0000] {task_command.py:371} INFO - Running <TaskInstance: pipeline_milestone_3.extract_data manual__2025-02-08T13:51:07.674323+00:00 [running]> on host fac8a5123a60
[2025-02-08T13:51:12.695+0000] {taskinstance.py:1583} INFO - Exporting the following env vars:
AIRFLOW_CTX_DAG_OWNER=Azka
AIRFLOW_CTX_DAG_ID=pipeline_milestone_3
AIRFLOW_CTX_TASK_ID=extract_data
AIRFLOW_CTX_EXECUTION_DATE=2025-02-08T13:51:07.674323+00:00
AIRFLOW_CTX_TRY_NUMBER=1
AIRFLOW_CTX_DAG_RUN_ID=manual__2025-02-08T13:51:07.674323+00:00
[2025-02-08T13:51:12.714+0000] {base.py:68} INFO - Using connection ID '***_postgres' for task execution.
[2025-02-08T13:51:12.752+0000] {logging_mixin.py:115} INFO -    order_id       date item_name  ... unnamed_10 unnamed_11  unnamed_12
0         2  8/23/2022   Vadapav  ...       None       None        None

[1 rows x 13 columns]
[2025-02-08T13:51:12.766+0000] {python.py:173} INFO - Done. Returned value was: None
[2025-02-08T13:51:12.773+0000] {taskinstance.py:1412} INFO - Marking task as SUCCESS. dag_id=pipeline_milestone_3, task_id=extract_data, execution_date=20250208T135107, start_date=20250208T135112, end_date=20250208T135112
[2025-02-08T13:51:12.803+0000] {local_task_job.py:156} INFO - Task exited with return code 0
[2025-02-08T13:51:12.825+0000] {local_task_job.py:279} INFO - 1 downstream tasks scheduled from follow-on schedule check
